   Compiling abt-web v0.1.0 (E:\work\abt\abt-web)
warning: unused import: `crate::routes::order::OrderDetailPath`
   --> abt-web\src\pages\reconciliation_create.rs:455:5
    |
455 | use crate::routes::order::OrderDetailPath;
    |     ^^^^^^^^^^^^^^^^^^^^^^^^^^^^^^^^^^^^^
    |
    = note: `#[warn(unused_imports)]` (part of `#[warn(unused)]`) on by default

warning: unused import: `confirm_dialog`
  --> abt-web\src\pages\product_detail.rs:12:25
   |
12 | use crate::components::{confirm_dialog, detail::detail_row, icon};
   |                         ^^^^^^^^^^^^^^

warning: unused import: `IntoResponse`
 --> abt-web\src\pages\wms_warehouse_list.rs:2:28
  |
2 | use axum::response::{Html, IntoResponse};
  |                            ^^^^^^^^^^^^

warning: unused import: `abt_core::shared::types::PageParams`
  --> abt-web\src\pages\wms_warehouse_list.rs:10:5
   |
10 | use abt_core::shared::types::PageParams;
   |     ^^^^^^^^^^^^^^^^^^^^^^^^^^^^^^^^^^^

warning: unused import: `axum_extra::routing::TypedPath`
 --> abt-web\src\pages\wms_backflush_detail.rs:2:5
  |
2 | use axum_extra::routing::TypedPath;
  |     ^^^^^^^^^^^^^^^^^^^^^^^^^^^^^^

warning: unused import: `abt_core::shared::types::PageParams`
  --> abt-web\src\pages\wms_cycle_count_list.rs:10:5
   |
10 | use abt_core::shared::types::PageParams;
   |     ^^^^^^^^^^^^^^^^^^^^^^^^^^^^^^^^^^^

warning: unused import: `abt_core::shared::types::PageParams`
  --> abt-web\src\pages\wms_lock_list.rs:10:5
   |
10 | use abt_core::shared::types::PageParams;
   |     ^^^^^^^^^^^^^^^^^^^^^^^^^^^^^^^^^^^

warning: unused import: `abt_core::shared::types::PageParams`
  --> abt-web\src\pages\wms_transaction_log_list.rs:10:5
   |
10 | use abt_core::shared::types::PageParams;
   |     ^^^^^^^^^^^^^^^^^^^^^^^^^^^^^^^^^^^

warning: unused import: `Markup`
 --> abt-web\src\pages\mes_report_detail.rs:3:18
  |
3 | use maud::{html, Markup};
  |                  ^^^^^^

warning: unused import: `Markup`
 --> abt-web\src\pages\mes_inspection_create.rs:3:18
  |
3 | use maud::{html, Markup};
  |                  ^^^^^^

warning: unused import: `Markup`
 --> abt-web\src\pages\mes_inspection_detail.rs:3:18
  |
3 | use maud::{html, Markup};
  |                  ^^^^^^

warning: unused import: `Markup`
 --> abt-web\src\pages\mes_receipt_create.rs:3:18
  |
3 | use maud::{html, Markup};
  |                  ^^^^^^

warning: unused import: `Markup`
 --> abt-web\src\pages\mes_receipt_detail.rs:3:18
  |
3 | use maud::{html, Markup};
  |                  ^^^^^^

warning: unused import: `abt_core::shared::types::PgExecutor`
  --> abt-web\src\pages\fms_journal_list.rs:10:5
   |
10 | use abt_core::shared::types::PgExecutor;
   |     ^^^^^^^^^^^^^^^^^^^^^^^^^^^^^^^^^^^

warning: unused import: `post`
 --> abt-web\src\routes\wms_bin.rs:1:26
  |
1 | use axum::routing::{get, post};
  |                          ^^^^

warning: unused import: `post`
 --> abt-web\src\routes\wms_stock_in.rs:1:26
  |
1 | use axum::routing::{get, post};
  |                          ^^^^

warning: unused import: `post`
 --> abt-web\src\routes\wms_arrival.rs:1:26
  |
1 | use axum::routing::{get, post};
  |                          ^^^^

warning: unused import: `post`
 --> abt-web\src\routes\wms_transfer.rs:1:26
  |
1 | use axum::routing::{get, post};
  |                          ^^^^

warning: unused import: `post`
 --> abt-web\src\routes\wms_requisition.rs:1:26
  |
1 | use axum::routing::{get, post};
  |                          ^^^^

warning: unused import: `post`
 --> abt-web\src\routes\wms_conversion.rs:1:26
  |
1 | use axum::routing::{get, post};
  |                          ^^^^

warning: unused import: `post`
 --> abt-web\src\routes\wms_cycle_count.rs:1:26
  |
1 | use axum::routing::{get, post};
  |                          ^^^^

warning: unused import: `post`
 --> abt-web\src\routes\wms_inventory_lock.rs:1:26
  |
1 | use axum::routing::{get, post};
  |                          ^^^^

warning: unused import: `post`
 --> abt-web\src\routes\mes_report.rs:1:26
  |
1 | use axum::routing::{get, post};
  |                          ^^^^

warning: unused import: `std::fmt::Write`
 --> abt-web\src\pages\mes_plan_list.rs:2:5
  |
2 | use std::fmt::Write;
  |     ^^^^^^^^^^^^^^^

warning: unused variable: `warehouse_id`
   --> abt-web\src\pages\wms_warehouse_detail.rs:584:23
    |
584 | fn zone_row(z: &Zone, warehouse_id: i64) -> Markup {
    |                       ^^^^^^^^^^^^ help: if this is intentional, prefix it with an underscore: `_warehouse_id`
    |
    = note: `#[warn(unused_variables)]` (part of `#[warn(unused)]`) on by default

warning: unused variable: `warehouses`
  --> abt-web\src\pages\wms_bin_list.rs:88:9
   |
88 |     let warehouses = svc.list(&service_ctx, &mut conn, WarehouseFilter::default(), 1, 200).await?;
   |         ^^^^^^^^^^ help: if this is intentional, prefix it with an underscore: `_warehouses`

warning: unused variable: `query`
   --> abt-web\src\pages\wms_bin_list.rs:223:9
    |
223 |     let query = build_query_string(params);
    |         ^^^^^ help: if this is intentional, prefix it with an underscore: `_query`

warning: unused variable: `detail_path`
  --> abt-web\src\pages\wms_bin_detail.rs:98:9
   |
98 |     let detail_path = BinDetailPath { id: bin.id };
   |         ^^^^^^^^^^^ help: if this is intentional, prefix it with an underscore: `_detail_path`

warning: unused variable: `zone_code`
   --> abt-web\src\pages\wms_bin_detail.rs:101:9
    |
101 |     let zone_code = zone.map(|z| z.code.as_str()).unwrap_or("—");
    |         ^^^^^^^^^ help: if this is intentional, prefix it with an underscore: `_zone_code`

warning: unused variable: `query`
   --> abt-web\src\pages\wms_arrival_list.rs:208:9
    |
208 |     let query = build_query_string(params);
    |         ^^^^^ help: if this is intentional, prefix it with an underscore: `_query`

warning: unused variable: `query`
   --> abt-web\src\pages\wms_requisition_list.rs:204:9
    |
204 |     let query = build_query_string(params);
    |         ^^^^^ help: if this is intentional, prefix it with an underscore: `_query`

warning: unused variable: `query`
   --> abt-web\src\pages\wms_lock_list.rs:142:9
    |
142 |     let query = build_query_string(params);
    |         ^^^^^ help: if this is intentional, prefix it with an underscore: `_query`

warning: unused variable: `completed_count`
   --> abt-web\src\pages\om_outsourcing_detail.rs:320:9
    |
320 |     let completed_count = all_node_types.iter().filter(|nt| tracked_nodes.contains_key(nt)).count();
    |         ^^^^^^^^^^^^^^^ help: if this is intentional, prefix it with an underscore: `_completed_count`

warning: unused variable: `fill_class`
   --> abt-web\src\pages\fms_dashboard.rs:360:58
    |
360 | ...                   @for (type_id, label, color, fill_class) in dist_types {
    |                                                    ^^^^^^^^^^ help: if this is intentional, prefix it with an underscore: `_fill_class`

warning: unused variable: `service_ctx`
  --> abt-web\src\pages\fms_cost_analysis.rs:30:9
   |
30 |         service_ctx,
   |         ^^^^^^^^^^^ help: try ignoring the field: `service_ctx: _`

warning: variants `Archive`, `Link`, and `Factory` are never constructed
  --> abt-web\src\layout\sidebar.rs:22:5
   |
 9 | enum NavIcon {
   |      ------- variants in this enum
...
22 |     Archive,
   |     ^^^^^^^
...
26 |     Link,
   |     ^^^^
...
34 |     Factory,
   |     ^^^^^^^
   |
   = note: `NavIcon` has a derived impl for the trait `Clone`, but this is intentionally ignored during dead code analysis
   = note: `#[warn(dead_code)]` (part of `#[warn(unused)]`) on by default

warning: field `department` is never read
  --> abt-web\src\pages\misc_request_create.rs:21:9
   |
20 | pub struct MiscCreateForm {
   |            -------------- field in this struct
21 |     pub department: Option<String>,
   |         ^^^^^^^^^^
   |
   = note: `MiscCreateForm` has a derived impl for the trait `Debug`, but this is intentionally ignored during dead code analysis

warning: fields `currency`, `related_quotation_id`, and `buyer_id` are never read
  --> abt-web\src\pages\purchase_order_create.rs:48:9
   |
43 | pub struct POCreateForm {
   |            ------------ fields in this struct
...
48 |     pub currency: Option<String>,
   |         ^^^^^^^^
49 |     pub delivery_address: Option<String>,
50 |     pub related_quotation_id: Option<String>,
   |         ^^^^^^^^^^^^^^^^^^^^
51 |     pub buyer_id: Option<String>,
   |         ^^^^^^^^
   |
   = note: `POCreateForm` has a derived impl for the trait `Debug`, but this is intentionally ignored during dead code analysis

warning: fields `currency`, `buyer_id`, and `action` are never read
  --> abt-web\src\pages\purchase_quotation_create.rs:43:9
   |
38 | pub struct PQCreateForm {
   |            ------------ fields in this struct
...
43 |     pub currency: Option<String>,
   |         ^^^^^^^^
44 |     pub buyer_id: Option<i64>,
   |         ^^^^^^^^
...
47 |     pub action: Option<String>,
   |         ^^^^^^
   |
   = note: `PQCreateForm` has a derived impl for the trait `Debug`, but this is intentionally ignored during dead code analysis

warning: fields `remark`, `action`, and `items_json` are never read
  --> abt-web\src\pages\purchase_recon_create.rs:26:9
   |
22 | pub struct PreconCreateForm {
   |            ---------------- fields in this struct
...
26 |     pub remark: Option<String>,
   |         ^^^^^^
27 |     pub action: Option<String>,
   |         ^^^^^^
28 |     #[serde(default)]
29 |     pub items_json: Option<String>,
   |         ^^^^^^^^^^
   |
   = note: `PreconCreateForm` has a derived impl for the trait `Debug`, but this is intentionally ignored during dead code analysis

warning: field `unit` is never read
  --> abt-web\src\pages\reconciliation_create.rs:46:5
   |
43 | struct ProductInfo {
   |        ----------- field in this struct
...
46 |     unit: String,
   |     ^^^^

warning: function `generate_periods` is never used
  --> abt-web\src\pages\reconciliation_create.rs:49:4
   |
49 | fn generate_periods() -> Vec<(String, String)> {
   |    ^^^^^^^^^^^^^^^^

warning: field `step_order` is never read
  --> abt-web\src\pages\routing_create.rs:34:5
   |
32 | struct StepWeb {
   |        ------- field in this struct
33 |     process_code: String,
34 |     step_order: i32,
   |     ^^^^^^^^^^
   |
   = note: `StepWeb` has a derived impl for the trait `Debug`, but this is intentionally ignored during dead code analysis

warning: field `product_id` is never read
  --> abt-web\src\pages\price_history_list.rs:41:9
   |
39 | pub struct PriceHistoryRow {
   |            --------------- field in this struct
40 |     pub log_id: i64,
41 |     pub product_id: i64,
   |         ^^^^^^^^^^

warning: fields `confirm_password` and `data_scope` are never read
  --> abt-web\src\pages\user_create.rs:22:9
   |
18 | pub struct UserCreateForm {
   |            -------------- fields in this struct
...
22 |     pub confirm_password: String,
   |         ^^^^^^^^^^^^^^^^
...
25 |     pub data_scope: Option<String>,
   |         ^^^^^^^^^^
   |
   = note: `UserCreateForm` has a derived impl for the trait `Debug`, but this is intentionally ignored during dead code analysis

warning: field `is_super_admin` is never read
  --> abt-web\src\pages\user_edit.rs:19:9
   |
17 | pub struct UserEditForm {
   |            ------------ field in this struct
18 |     pub display_name: Option<String>,
19 |     pub is_super_admin: Option<String>,
   |         ^^^^^^^^^^^^^^
   |
   = note: `UserEditForm` has a derived impl for the trait `Debug`, but this is intentionally ignored during dead code analysis

warning: field `warehouse_id` is never read
  --> abt-web\src\pages\wms_bin_create.rs:25:9
   |
21 | pub struct BinCreateForm {
   |            ------------- field in this struct
...
25 |     pub warehouse_id: Option<i64>,
   |         ^^^^^^^^^^^^
   |
   = note: `BinCreateForm` has a derived impl for the trait `Debug`, but this is intentionally ignored during dead code analysis

warning: fields `source_ref` and `delivery_no` are never read
   --> abt-web\src\pages\wms_stock_in_create.rs:115:9
    |
113 | pub struct StockInCreateForm {
    |            ----------------- fields in this struct
114 |     pub source_type: String,
115 |     pub source_ref: Option<String>,
    |         ^^^^^^^^^^
116 |     pub delivery_no: Option<String>,
    |         ^^^^^^^^^^^
    |
    = note: `StockInCreateForm` has a derived impl for the trait `Debug`, but this is intentionally ignored during dead code analysis

warning: field `source_ref` is never read
  --> abt-web\src\pages\wms_stock_out_create.rs:98:9
   |
96 | pub struct StockOutCreateForm {
   |            ------------------ field in this struct
97 |     pub source_type: String,
98 |     pub source_ref: Option<String>,
   |         ^^^^^^^^^^
   |
   = note: `StockOutCreateForm` has a derived impl for the trait `Debug`, but this is intentionally ignored during dead code analysis

warning: field `remark` is never read
   --> abt-web\src\pages\wms_transfer_create.rs:116:9
    |
102 | pub struct TransferCreateForm {
    |            ------------------ field in this struct
...
116 |     pub remark: Option<String>,
    |         ^^^^^^
    |
    = note: `TransferCreateForm` has a derived impl for the trait `Debug`, but this is intentionally ignored during dead code analysis

warning: function `putaway_type_label` is never used
  --> abt-web\src\pages\wms_strategy_list.rs:60:4
   |
60 | fn putaway_type_label(t: &PutawayType) -> &'static str {
   |    ^^^^^^^^^^^^^^^^^^

warning: function `pick_type_label` is never used
  --> abt-web\src\pages\wms_strategy_list.rs:78:4
   |
78 | fn pick_type_label(t: &PickType) -> &'static str {
   |    ^^^^^^^^^^^^^^^

warning: field `page` is never read
  --> abt-web\src\pages\wms_cascade_list.rs:24:9
   |
21 | pub struct CascadeQueryParams {
   |            ------------------ field in this struct
...
24 |     pub page: Option<u32>,
   |         ^^^^
   |
   = note: `CascadeQueryParams` has derived impls for the traits `Clone` and `Debug`, but these are intentionally ignored during dead code analysis

warning: field `bg` is never read
   --> abt-web\src\pages\om_dashboard.rs:218:5
    |
216 | struct TypeDistEntry {
    |        ------------- field in this struct
217 |     label: &'static str,
218 |     bg: &'static str,
    |     ^^

warning: fields `counterparty_name` and `source_no` are never read
  --> abt-web\src\pages\fms_journal_create.rs:26:9
   |
20 | pub struct JournalCreateForm {
   |            ----------------- fields in this struct
...
26 |     pub counterparty_name: Option<String>,
   |         ^^^^^^^^^^^^^^^^^
27 |     pub source_no: Option<String>,
   |         ^^^^^^^^^
   |
   = note: `JournalCreateForm` has a derived impl for the trait `Debug`, but this is intentionally ignored during dead code analysis

warning: field `deviation` is never read
   --> abt-web\src\pages\fms_cost_analysis.rs:136:5
    |
128 | struct MarginView {
    |        ---------- field in this struct
...
136 |     deviation: Decimal,
    |     ^^^^^^^^^

warning: struct `ProcessDictDetailPath` is never constructed
  --> abt-web\src\routes\labor_process_dict.rs:25:12
   |
25 | pub struct ProcessDictDetailPath {
   |            ^^^^^^^^^^^^^^^^^^^^^

warning: method `bom_labor_process_service` is never used
   --> abt-web\src\state.rs:263:12
    |
 17 | impl AppState {
    | ------------- method in this implementation
...
263 |     pub fn bom_labor_process_service(
    |            ^^^^^^^^^^^^^^^^^^^^^^^^^

warning: `abt-web` (bin "abt-web") generated 58 warnings (run `cargo fix --bin "abt-web" -p abt-web` to apply 34 suggestions)
    Finished `dev` profile [unoptimized + debuginfo] target(s) in 8.69s
     Running `target\debug\abt-web.exe`
error: process didn't exit successfully: `target\debug\abt-web.exe` (exit code: 1)
